Arguments: 
  /usr/bin/node /usr/bin/yarn

PATH: 
  /usr/local/sbin:/usr/local/bin:/usr/sbin:/usr/bin:/sbin:/bin:/usr/games:/usr/local/games:/snap/bin

Yarn version: 
  1.21.1

Node version: 
  12.14.1

Platform: 
  linux x64

Trace: 
  Error: connect EHOSTUNREACH 104.16.21.35:443
      at TCPConnectWrap.afterConnect [as oncomplete] (net.js:1134:16)

npm manifest: 
  {
    "name": "hospitals-ui",
    "version": "0.0.1",
    "private": true,
    "dependencies": {
      "express": "^4.17.1",
      "mongodb": "^3.3.3",
      "react": "^16.8.6",
      "react-dom": "^16.8.6",
      "react-router-dom": "^5.0.1",
      "react-scripts": "^3.0.1",
      "react-table": "^6.10.0"
    },
    "scripts": {
      "start": "react-scripts start",
      "rest-api": "node src/server",
      "build": "react-scripts build",
      "test": "react-scripts test",
      "eject": "react-scripts eject"
    },
    "eslintConfig": {
      "extends": "react-app"
    },
    "browserslist": {
      "production": [
        ">0.2%",
        "not dead",
        "not op_mini all"
      ],
      "development": [
        "last 1 chrome version",
        "last 1 firefox version",
        "last 1 safari version"
      ]
    },
    "proxy": "http://localhost:5000"
  }

yarn manifest: 
  No manifest

Lockfile: 
  No lockfile
